  extApiPlatform.c
  Adding library: Winmm.lib
  Adding library: Ws2_32.lib
src\aProxy\extApiPlatform.c(638): warning C4267: '=': conversion from 'size_t' to 'int', possible loss of data
src\aProxy\extApiPlatform.c(645): warning C4267: '=': conversion from 'size_t' to 'int', possible loss of data
src\aProxy\extApiPlatform.c(646): warning C4267: '=': conversion from 'size_t' to 'int', possible loss of data
src\aProxy\extApiPlatform.c(648): warning C4267: '-=': conversion from 'size_t' to 'simxInt', possible loss of data
src\aProxy\extApiPlatform.c(649): warning C4267: '+=': conversion from 'size_t' to 'simxInt', possible loss of data
  extApi.c
  utils.cpp
  main.cpp
  SimulatedTracker.cpp
  UserProxy.cpp
  TechUserProxy.cpp
  SimulatorProxy.cpp
src\aProxy\SimulatorProxy.cpp(130): warning C4305: '+=': truncation from 'double' to 'float'
src\aProxy\SimulatorProxy.cpp(136): warning C4305: '+=': truncation from 'double' to 'float'
src\aProxy\SimulatorProxy.cpp(142): warning C4305: '+=': truncation from 'double' to 'float'
src\aProxy\SimulatorProxy.cpp(148): warning C4305: '+=': truncation from 'double' to 'float'
src\aProxy\SimulatorProxy.cpp(67): warning C4101: 'return_v': unreferenced local variable
  PolarisProxy.cpp
LINK : warning LNK4075: ignoring '/INCREMENTAL' due to '/LTCG' specification
     Creating library C:\Users\AHMAD\Downloads\FinalSource\Software\alba\x64\Debug\alba.lib and object C:\Users\AHMAD\Downloads\FinalSource\Software\alba\x64\Debug\alba.exp
extApiPlatform.obj : error LNK2001: unresolved external symbol close_shared_memory
extApiPlatform.obj : error LNK2001: unresolved external symbol set_shared_memory_name
extApiPlatform.obj : error LNK2001: unresolved external symbol map_shared_memory
extApiPlatform.obj : error LNK2001: unresolved external symbol open_shared_memory
extApiPlatform.obj : error LNK2001: unresolved external symbol set_shared_memory_size
extApiPlatform.obj : error LNK2001: unresolved external symbol destroy_shared_memory
C:\Users\AHMAD\Downloads\FinalSource\Software\alba\x64\Debug\alba.exe : fatal error LNK1120: 6 unresolved externals
