  extApi.c
  extApiPlatform.c
  Adding library: Winmm.lib
  Adding library: Ws2_32.lib
  PolarisProxy.cpp
  SimulatorProxy.cpp
src\aProxy\SimulatorProxy.cpp(126): warning C4305: '+=': truncation from 'double' to 'float'
src\aProxy\SimulatorProxy.cpp(132): warning C4305: '+=': truncation from 'double' to 'float'
src\aProxy\SimulatorProxy.cpp(138): warning C4305: '+=': truncation from 'double' to 'float'
src\aProxy\SimulatorProxy.cpp(144): warning C4305: '+=': truncation from 'double' to 'float'
src\aProxy\SimulatorProxy.cpp(64): warning C4101: 'return_v': unreferenced local variable
  TechUserProxy.cpp
  UserProxy.cpp
  SimulatedTracker.cpp
  main.cpp
  utils.cpp
LINK : warning LNK4075: ignoring '/INCREMENTAL' due to '/LTCG' specification
     Creating library C:\Users\AHMAD\Downloads\FinalSource\Software\alba\x64\Release\alba.lib and object C:\Users\AHMAD\Downloads\FinalSource\Software\alba\x64\Release\alba.exp
  Generating code
  All 610 functions were compiled because no usable IPDB/IOBJ from previous compilation was found.
  Finished generating code
  alba.vcxproj -> C:\Users\AHMAD\Downloads\FinalSource\Software\alba\x64\Release\alba.exe
  alba.vcxproj -> C:\Users\AHMAD\Downloads\FinalSource\Software\alba\x64\Release\alba.pdb (Full PDB)
